<?xml version="1.0" encoding="UTF-8"?>
<testsuite xmlns:xsi="http://www.w3.org/2001/XMLSchema-instance" xsi:noNamespaceSchemaLocation="https://maven.apache.org/surefire/maven-surefire-plugin/xsd/surefire-test-report.xsd" name="nz.ac.auckland.se281.a4.StudentsTestsForMarking" time="3.273" tests="54" errors="18" skipped="0" failures="0">
  <properties>
    <property name="java.specification.version" value="17"/>
    <property name="sun.cpu.isalist" value="amd64"/>
    <property name="sun.jnu.encoding" value="GBK"/>
    <property name="java.class.path" value="C:\Users\james\A4\assignment-4-HaoxuanGong\target\test-classes;C:\Users\james\A4\assignment-4-HaoxuanGong\target\classes;C:\Users\james\.m2\repository\junit\junit\4.12\junit-4.12.jar;C:\Users\james\.m2\repository\org\hamcrest\hamcrest-core\1.3\hamcrest-core-1.3.jar;C:\Users\james\.m2\repository\com\google\code\gson\gson\2.9.0\gson-2.9.0.jar;C:\Users\james\.m2\repository\com\github\javafaker\javafaker\0.12\javafaker-0.12.jar;C:\Users\james\.m2\repository\org\apache\commons\commons-lang3\3.5\commons-lang3-3.5.jar;C:\Users\james\.m2\repository\com\github\mifmif\generex\1.0.2\generex-1.0.2.jar;C:\Users\james\.m2\repository\dk\brics\automaton\automaton\1.11-8\automaton-1.11-8.jar;C:\Users\james\.m2\repository\se\emirbuc\randomsentence\random-sentence-generator\0.0.7\random-sentence-generator-0.0.7.jar;C:\Users\james\.m2\repository\org\apache\commons\commons-collections4\4.0\commons-collections4-4.0.jar;"/>
    <property name="java.vm.vendor" value="Oracle Corporation"/>
    <property name="sun.arch.data.model" value="64"/>
    <property name="user.variant" value=""/>
    <property name="java.vendor.url" value="https://java.oracle.com/"/>
    <property name="user.timezone" value="Pacific/Auckland"/>
    <property name="os.name" value="Windows 11"/>
    <property name="java.vm.specification.version" value="17"/>
    <property name="sun.java.launcher" value="SUN_STANDARD"/>
    <property name="user.country" value="US"/>
    <property name="sun.boot.library.path" value="C:\Program Files\Java\jdk-17.0.2\bin"/>
    <property name="sun.java.command" value="C:\Users\james\AppData\Local\Temp\surefire5629731811651218576\surefirebooter12262816580806649313.jar C:\Users\james\AppData\Local\Temp\surefire5629731811651218576 2022-06-01T17-54-46_747-jvmRun1 surefire4637599084646489116tmp surefire_015826914193461980680tmp"/>
    <property name="jdk.debug" value="release"/>
    <property name="surefire.test.class.path" value="C:\Users\james\A4\assignment-4-HaoxuanGong\target\test-classes;C:\Users\james\A4\assignment-4-HaoxuanGong\target\classes;C:\Users\james\.m2\repository\junit\junit\4.12\junit-4.12.jar;C:\Users\james\.m2\repository\org\hamcrest\hamcrest-core\1.3\hamcrest-core-1.3.jar;C:\Users\james\.m2\repository\com\google\code\gson\gson\2.9.0\gson-2.9.0.jar;C:\Users\james\.m2\repository\com\github\javafaker\javafaker\0.12\javafaker-0.12.jar;C:\Users\james\.m2\repository\org\apache\commons\commons-lang3\3.5\commons-lang3-3.5.jar;C:\Users\james\.m2\repository\com\github\mifmif\generex\1.0.2\generex-1.0.2.jar;C:\Users\james\.m2\repository\dk\brics\automaton\automaton\1.11-8\automaton-1.11-8.jar;C:\Users\james\.m2\repository\se\emirbuc\randomsentence\random-sentence-generator\0.0.7\random-sentence-generator-0.0.7.jar;C:\Users\james\.m2\repository\org\apache\commons\commons-collections4\4.0\commons-collections4-4.0.jar;"/>
    <property name="sun.cpu.endian" value="little"/>
    <property name="user.home" value="C:\Users\james"/>
    <property name="user.language" value="en"/>
    <property name="java.specification.vendor" value="Oracle Corporation"/>
    <property name="java.version.date" value="2022-01-18"/>
    <property name="java.home" value="C:\Program Files\Java\jdk-17.0.2"/>
    <property name="file.separator" value="\"/>
    <property name="basedir" value="C:\Users\james\A4\assignment-4-HaoxuanGong"/>
    <property name="java.vm.compressedOopsMode" value="Zero based"/>
    <property name="line.separator" value="&#10;"/>
    <property name="java.vm.specification.vendor" value="Oracle Corporation"/>
    <property name="java.specification.name" value="Java Platform API Specification"/>
    <property name="surefire.real.class.path" value="C:\Users\james\AppData\Local\Temp\surefire5629731811651218576\surefirebooter12262816580806649313.jar"/>
    <property name="user.script" value=""/>
    <property name="sun.management.compiler" value="HotSpot 64-Bit Tiered Compilers"/>
    <property name="java.runtime.version" value="17.0.2+8-LTS-86"/>
    <property name="user.name" value="james"/>
    <property name="path.separator" value=";"/>
    <property name="os.version" value="10.0"/>
    <property name="java.runtime.name" value="Java(TM) SE Runtime Environment"/>
    <property name="file.encoding" value="GBK"/>
    <property name="java.vm.name" value="Java HotSpot(TM) 64-Bit Server VM"/>
    <property name="localRepository" value="C:\Users\james\.m2\repository"/>
    <property name="java.vendor.url.bug" value="https://bugreport.java.com/bugreport/"/>
    <property name="java.io.tmpdir" value="C:\Users\james\AppData\Local\Temp\"/>
    <property name="java.version" value="17.0.2"/>
    <property name="user.dir" value="C:\Users\james\A4\assignment-4-HaoxuanGong"/>
    <property name="os.arch" value="amd64"/>
    <property name="java.vm.specification.name" value="Java Virtual Machine Specification"/>
    <property name="sun.os.patch.level" value=""/>
    <property name="native.encoding" value="GBK"/>
    <property name="java.library.path" value="C:\Program Files\Java\jdk-17.0.2\bin;C:\WINDOWS\Sun\Java\bin;C:\WINDOWS\system32;C:\WINDOWS;C:\Program Files\Java\jdk-17.0.2\bin;C:\Program Files\Common Files\Oracle\Java\javapath;C:\WINDOWS\system32;C:\WINDOWS;C:\WINDOWS\System32\Wbem;C:\WINDOWS\System32\WindowsPowerShell\v1.0\;C:\WINDOWS\System32\OpenSSH\;C:\Program Files\Microsoft SQL Server\120\Tools\Binn\;C:\Program Files\Common Files\Autodesk Shared\;C:\Program Files\MATLAB\R2021a\bin;C:\Program Files\Git\cmd;C:\Program Files\MATLAB\R2022a\bin;C:\Program Files\dotnet\;C:\Users\james\AppData\Local\Microsoft\WindowsApps;;."/>
    <property name="java.vm.info" value="mixed mode, sharing"/>
    <property name="java.vendor" value="Oracle Corporation"/>
    <property name="java.vm.version" value="17.0.2+8-LTS-86"/>
    <property name="sun.io.unicode.encoding" value="UnicodeLittle"/>
    <property name="java.class.version" value="61.0"/>
  </properties>
  <testcase name="T1_01_Stack_Is_Empty" classname="nz.ac.auckland.se281.a4.StudentsTestsForMarking$Task1NodeStackAndQueueTest" time="0"/>
  <testcase name="T1_02_Stack_Is_Not_Empty" classname="nz.ac.auckland.se281.a4.StudentsTestsForMarking$Task1NodeStackAndQueueTest" time="0.172"/>
  <testcase name="T1_03_Stack_Push" classname="nz.ac.auckland.se281.a4.StudentsTestsForMarking$Task1NodeStackAndQueueTest" time="0.141"/>
  <testcase name="T1_04_Stack_Pop" classname="nz.ac.auckland.se281.a4.StudentsTestsForMarking$Task1NodeStackAndQueueTest" time="0.156"/>
  <testcase name="T1_05_Queue_Is_Empty" classname="nz.ac.auckland.se281.a4.StudentsTestsForMarking$Task1NodeStackAndQueueTest" time="0"/>
  <testcase name="T1_05_Queue_Is_Not_Empty" classname="nz.ac.auckland.se281.a4.StudentsTestsForMarking$Task1NodeStackAndQueueTest" time="0.047"/>
  <testcase name="T1_07_Queue_Append" classname="nz.ac.auckland.se281.a4.StudentsTestsForMarking$Task1NodeStackAndQueueTest" time="0.062"/>
  <testcase name="T1_08_Is_Empty" classname="nz.ac.auckland.se281.a4.StudentsTestsForMarking$Task1NodeStackAndQueueGenericsTest" time="0"/>
  <testcase name="T1_09_Is_Not_Empty" classname="nz.ac.auckland.se281.a4.StudentsTestsForMarking$Task1NodeStackAndQueueGenericsTest" time="0"/>
  <testcase name="T1_10_Push" classname="nz.ac.auckland.se281.a4.StudentsTestsForMarking$Task1NodeStackAndQueueGenericsTest" time="0"/>
  <testcase name="T1_11_Pop" classname="nz.ac.auckland.se281.a4.StudentsTestsForMarking$Task1NodeStackAndQueueGenericsTest" time="0"/>
  <testcase name="T1_12_Is_Empty" classname="nz.ac.auckland.se281.a4.StudentsTestsForMarking$Task1NodeStackAndQueueGenericsTest" time="0"/>
  <testcase name="T1_13_Is_Not_Empty" classname="nz.ac.auckland.se281.a4.StudentsTestsForMarking$Task1NodeStackAndQueueGenericsTest" time="0"/>
  <testcase name="T1_14_Append" classname="nz.ac.auckland.se281.a4.StudentsTestsForMarking$Task1NodeStackAndQueueGenericsTest" time="0"/>
  <testcase name="T1_15_Pop_Empty_Stack" classname="nz.ac.auckland.se281.a4.StudentsTestsForMarking$Task1NodeStackAndQueueExceptionTest" time="0"/>
  <testcase name="T1_16_Peek_Empty_Stack" classname="nz.ac.auckland.se281.a4.StudentsTestsForMarking$Task1NodeStackAndQueueExceptionTest" time="0"/>
  <testcase name="T1_17_Append_Then_Pop_Empty_Stack" classname="nz.ac.auckland.se281.a4.StudentsTestsForMarking$Task1NodeStackAndQueueExceptionTest" time="0"/>
  <testcase name="T2_01_Is_Empty" classname="nz.ac.auckland.se281.a4.StudentsTestsForMarking$Task2LinkedListTest" time="0"/>
  <testcase name="T2_02_Is_Not_Empty" classname="nz.ac.auckland.se281.a4.StudentsTestsForMarking$Task2LinkedListTest" time="0.032"/>
  <testcase name="T2_03_Append" classname="nz.ac.auckland.se281.a4.StudentsTestsForMarking$Task2LinkedListTest" time="0.078"/>
  <testcase name="T2_04_Get" classname="nz.ac.auckland.se281.a4.StudentsTestsForMarking$Task2LinkedListTest" time="0.657"/>
  <testcase name="T2_05_Prepend" classname="nz.ac.auckland.se281.a4.StudentsTestsForMarking$Task2LinkedListTest" time="0.611"/>
  <testcase name="T2_06_Size" classname="nz.ac.auckland.se281.a4.StudentsTestsForMarking$Task2LinkedListTest" time="0.312"/>
  <testcase name="T2_07_Remove" classname="nz.ac.auckland.se281.a4.StudentsTestsForMarking$Task2LinkedListTest" time="0.313"/>
  <testcase name="T2_09_Is_Empty" classname="nz.ac.auckland.se281.a4.StudentsTestsForMarking$Task2LinkedListGenericsTest" time="0"/>
  <testcase name="T2_10_Is_Not_Empty" classname="nz.ac.auckland.se281.a4.StudentsTestsForMarking$Task2LinkedListGenericsTest" time="0"/>
  <testcase name="T2_11_Append" classname="nz.ac.auckland.se281.a4.StudentsTestsForMarking$Task2LinkedListGenericsTest" time="0"/>
  <testcase name="T2_12_Get" classname="nz.ac.auckland.se281.a4.StudentsTestsForMarking$Task2LinkedListGenericsTest" time="0"/>
  <testcase name="T2_15_Remove" classname="nz.ac.auckland.se281.a4.StudentsTestsForMarking$Task2LinkedListGenericsTest" time="0"/>
  <testcase name="T2_16_Insert" classname="nz.ac.auckland.se281.a4.StudentsTestsForMarking$Task2LinkedListGenericsTest" time="0"/>
  <testcase name="T3_01_Reflexive_A" classname="nz.ac.auckland.se281.a4.StudentsTestsForMarking$Task3ReflexiveTest" time="0.016">
    <error message="Unresolved compilation problem: &#10;	LocalDate cannot be resolved to a type&#10;" type="java.lang.Error">java.lang.Error: 
Unresolved compilation problem: 
	LocalDate cannot be resolved to a type

	at nz.ac.auckland.se281.a4.StudentsTestsForMarking$Task3ReflexiveTest.runTest(StudentsTestsForMarking.java:445)
	at nz.ac.auckland.se281.a4.StudentsTestsForMarking$Task3ReflexiveTest.T3_01_Reflexive_A(StudentsTestsForMarking.java:454)
</error>
    <system-out><![CDATA[
the System.out.print was :
&amp#27;[H&amp#27;[2J
&amp#27;[36;1m----------------------------------------------------------------------
The Tweeter Simulator. To know available commands, please type 'help'
----------------------------------------------------------------------&amp#27;[0m
The command is open a.txt
The current directory is C:\Users\james\A4\assignment-4-HaoxuanGong
The full path name is: C:\Users\james\A4\assignment-4-HaoxuanGong\testcases\a.txt

]]></system-out>
  </testcase>
  <testcase name="T3_03_Reflexive_C" classname="nz.ac.auckland.se281.a4.StudentsTestsForMarking$Task3ReflexiveTest" time="0">
    <error message="Unresolved compilation problem: &#10;	LocalDate cannot be resolved to a type&#10;" type="java.lang.Error">java.lang.Error: 
Unresolved compilation problem: 
	LocalDate cannot be resolved to a type

	at nz.ac.auckland.se281.a4.StudentsTestsForMarking$Task3ReflexiveTest.runTest(StudentsTestsForMarking.java:445)
	at nz.ac.auckland.se281.a4.StudentsTestsForMarking$Task3ReflexiveTest.T3_03_Reflexive_C(StudentsTestsForMarking.java:460)
</error>
    <system-out><![CDATA[
the System.out.print was :
&amp#27;[H&amp#27;[2J
&amp#27;[36;1m----------------------------------------------------------------------
The Tweeter Simulator. To know available commands, please type 'help'
----------------------------------------------------------------------&amp#27;[0m
The command is open c.txt
The current directory is C:\Users\james\A4\assignment-4-HaoxuanGong
The full path name is: C:\Users\james\A4\assignment-4-HaoxuanGong\testcases\c.txt

]]></system-out>
  </testcase>
  <testcase name="T3_06_Reflexive_F" classname="nz.ac.auckland.se281.a4.StudentsTestsForMarking$Task3ReflexiveTest" time="0.015">
    <error message="Unresolved compilation problem: &#10;	LocalDate cannot be resolved to a type&#10;" type="java.lang.Error">java.lang.Error: 
Unresolved compilation problem: 
	LocalDate cannot be resolved to a type

	at nz.ac.auckland.se281.a4.StudentsTestsForMarking$Task3ReflexiveTest.runTest(StudentsTestsForMarking.java:445)
	at nz.ac.auckland.se281.a4.StudentsTestsForMarking$Task3ReflexiveTest.T3_06_Reflexive_F(StudentsTestsForMarking.java:465)
</error>
    <system-out><![CDATA[
the System.out.print was :
&amp#27;[H&amp#27;[2J
&amp#27;[36;1m----------------------------------------------------------------------
The Tweeter Simulator. To know available commands, please type 'help'
----------------------------------------------------------------------&amp#27;[0m
The command is open f.txt
The current directory is C:\Users\james\A4\assignment-4-HaoxuanGong
The full path name is: C:\Users\james\A4\assignment-4-HaoxuanGong\testcases\f.txt

]]></system-out>
  </testcase>
  <testcase name="T3_09_Symmetric_A" classname="nz.ac.auckland.se281.a4.StudentsTestsForMarking$Task3SymmetricTest" time="0.016">
    <error message="Unresolved compilation problem: &#10;	LocalDate cannot be resolved to a type&#10;" type="java.lang.Error">java.lang.Error: 
Unresolved compilation problem: 
	LocalDate cannot be resolved to a type

	at nz.ac.auckland.se281.a4.StudentsTestsForMarking$Task3SymmetricTest.runTest(StudentsTestsForMarking.java:508)
	at nz.ac.auckland.se281.a4.StudentsTestsForMarking$Task3SymmetricTest.T3_09_Symmetric_A(StudentsTestsForMarking.java:517)
</error>
    <system-out><![CDATA[
the System.out.print was :
&amp#27;[H&amp#27;[2J
&amp#27;[36;1m----------------------------------------------------------------------
The Tweeter Simulator. To know available commands, please type 'help'
----------------------------------------------------------------------&amp#27;[0m
The command is open a.txt
The current directory is C:\Users\james\A4\assignment-4-HaoxuanGong
The full path name is: C:\Users\james\A4\assignment-4-HaoxuanGong\testcases\a.txt

]]></system-out>
  </testcase>
  <testcase name="T3_11_Symmetric_C" classname="nz.ac.auckland.se281.a4.StudentsTestsForMarking$Task3SymmetricTest" time="0">
    <error message="Unresolved compilation problem: &#10;	LocalDate cannot be resolved to a type&#10;" type="java.lang.Error">java.lang.Error: 
Unresolved compilation problem: 
	LocalDate cannot be resolved to a type

	at nz.ac.auckland.se281.a4.StudentsTestsForMarking$Task3SymmetricTest.runTest(StudentsTestsForMarking.java:508)
	at nz.ac.auckland.se281.a4.StudentsTestsForMarking$Task3SymmetricTest.T3_11_Symmetric_C(StudentsTestsForMarking.java:522)
</error>
    <system-out><![CDATA[
the System.out.print was :
&amp#27;[H&amp#27;[2J
&amp#27;[36;1m----------------------------------------------------------------------
The Tweeter Simulator. To know available commands, please type 'help'
----------------------------------------------------------------------&amp#27;[0m
The command is open c.txt
The current directory is C:\Users\james\A4\assignment-4-HaoxuanGong
The full path name is: C:\Users\james\A4\assignment-4-HaoxuanGong\testcases\c.txt

]]></system-out>
  </testcase>
  <testcase name="T3_14_Symmetric_F" classname="nz.ac.auckland.se281.a4.StudentsTestsForMarking$Task3SymmetricTest" time="0.015">
    <error message="Unresolved compilation problem: &#10;	LocalDate cannot be resolved to a type&#10;" type="java.lang.Error">java.lang.Error: 
Unresolved compilation problem: 
	LocalDate cannot be resolved to a type

	at nz.ac.auckland.se281.a4.StudentsTestsForMarking$Task3SymmetricTest.runTest(StudentsTestsForMarking.java:508)
	at nz.ac.auckland.se281.a4.StudentsTestsForMarking$Task3SymmetricTest.T3_14_Symmetric_F(StudentsTestsForMarking.java:527)
</error>
    <system-out><![CDATA[
the System.out.print was :
&amp#27;[H&amp#27;[2J
&amp#27;[36;1m----------------------------------------------------------------------
The Tweeter Simulator. To know available commands, please type 'help'
----------------------------------------------------------------------&amp#27;[0m
The command is open f.txt
The current directory is C:\Users\james\A4\assignment-4-HaoxuanGong
The full path name is: C:\Users\james\A4\assignment-4-HaoxuanGong\testcases\f.txt

]]></system-out>
  </testcase>
  <testcase name="T3_16_Transitive_A" classname="nz.ac.auckland.se281.a4.StudentsTestsForMarking$Task3TransitiveTest" time="0">
    <error message="Unresolved compilation problem: &#10;	LocalDate cannot be resolved to a type&#10;" type="java.lang.Error">java.lang.Error: 
Unresolved compilation problem: 
	LocalDate cannot be resolved to a type

	at nz.ac.auckland.se281.a4.StudentsTestsForMarking$Task3TransitiveTest.runTest(StudentsTestsForMarking.java:568)
	at nz.ac.auckland.se281.a4.StudentsTestsForMarking$Task3TransitiveTest.T3_16_Transitive_A(StudentsTestsForMarking.java:577)
</error>
    <system-out><![CDATA[
the System.out.print was :
&amp#27;[H&amp#27;[2J
&amp#27;[36;1m----------------------------------------------------------------------
The Tweeter Simulator. To know available commands, please type 'help'
----------------------------------------------------------------------&amp#27;[0m
The command is open a.txt
The current directory is C:\Users\james\A4\assignment-4-HaoxuanGong
The full path name is: C:\Users\james\A4\assignment-4-HaoxuanGong\testcases\a.txt

]]></system-out>
  </testcase>
  <testcase name="T3_17_Transitive_C" classname="nz.ac.auckland.se281.a4.StudentsTestsForMarking$Task3TransitiveTest" time="0.016">
    <error message="Unresolved compilation problem: &#10;	LocalDate cannot be resolved to a type&#10;" type="java.lang.Error">java.lang.Error: 
Unresolved compilation problem: 
	LocalDate cannot be resolved to a type

	at nz.ac.auckland.se281.a4.StudentsTestsForMarking$Task3TransitiveTest.runTest(StudentsTestsForMarking.java:568)
	at nz.ac.auckland.se281.a4.StudentsTestsForMarking$Task3TransitiveTest.T3_17_Transitive_C(StudentsTestsForMarking.java:582)
</error>
    <system-out><![CDATA[
the System.out.print was :
&amp#27;[H&amp#27;[2J
&amp#27;[36;1m----------------------------------------------------------------------
The Tweeter Simulator. To know available commands, please type 'help'
----------------------------------------------------------------------&amp#27;[0m
The command is open c.txt
The current directory is C:\Users\james\A4\assignment-4-HaoxuanGong
The full path name is: C:\Users\james\A4\assignment-4-HaoxuanGong\testcases\c.txt

]]></system-out>
  </testcase>
  <testcase name="T3_20_Transitive_F" classname="nz.ac.auckland.se281.a4.StudentsTestsForMarking$Task3TransitiveTest" time="0">
    <error message="Unresolved compilation problem: &#10;	LocalDate cannot be resolved to a type&#10;" type="java.lang.Error">java.lang.Error: 
Unresolved compilation problem: 
	LocalDate cannot be resolved to a type

	at nz.ac.auckland.se281.a4.StudentsTestsForMarking$Task3TransitiveTest.runTest(StudentsTestsForMarking.java:568)
	at nz.ac.auckland.se281.a4.StudentsTestsForMarking$Task3TransitiveTest.T3_20_Transitive_F(StudentsTestsForMarking.java:587)
</error>
    <system-out><![CDATA[
the System.out.print was :
&amp#27;[H&amp#27;[2J
&amp#27;[36;1m----------------------------------------------------------------------
The Tweeter Simulator. To know available commands, please type 'help'
----------------------------------------------------------------------&amp#27;[0m
The command is open f.txt
The current directory is C:\Users\james\A4\assignment-4-HaoxuanGong
The full path name is: C:\Users\james\A4\assignment-4-HaoxuanGong\testcases\f.txt

]]></system-out>
  </testcase>
  <testcase name="T3_22_A" classname="nz.ac.auckland.se281.a4.StudentsTestsForMarking$Tast3EquivalenceTest" time="0">
    <error message="Unresolved compilation problem: &#10;	LocalDate cannot be resolved to a type&#10;" type="java.lang.Error">java.lang.Error: 
Unresolved compilation problem: 
	LocalDate cannot be resolved to a type

	at nz.ac.auckland.se281.a4.StudentsTestsForMarking$Tast3EquivalenceTest.runTest(StudentsTestsForMarking.java:627)
	at nz.ac.auckland.se281.a4.StudentsTestsForMarking$Tast3EquivalenceTest.T3_22_A(StudentsTestsForMarking.java:636)
</error>
    <system-out><![CDATA[
the System.out.print was :
&amp#27;[H&amp#27;[2J
&amp#27;[36;1m----------------------------------------------------------------------
The Tweeter Simulator. To know available commands, please type 'help'
----------------------------------------------------------------------&amp#27;[0m
The command is open a.txt
The current directory is C:\Users\james\A4\assignment-4-HaoxuanGong
The full path name is: C:\Users\james\A4\assignment-4-HaoxuanGong\testcases\a.txt

]]></system-out>
  </testcase>
  <testcase name="T3_24_C" classname="nz.ac.auckland.se281.a4.StudentsTestsForMarking$Tast3EquivalenceTest" time="0.016">
    <error message="Unresolved compilation problem: &#10;	LocalDate cannot be resolved to a type&#10;" type="java.lang.Error">java.lang.Error: 
Unresolved compilation problem: 
	LocalDate cannot be resolved to a type

	at nz.ac.auckland.se281.a4.StudentsTestsForMarking$Tast3EquivalenceTest.runTest(StudentsTestsForMarking.java:627)
	at nz.ac.auckland.se281.a4.StudentsTestsForMarking$Tast3EquivalenceTest.T3_24_C(StudentsTestsForMarking.java:641)
</error>
    <system-out><![CDATA[
the System.out.print was :
&amp#27;[H&amp#27;[2J
&amp#27;[36;1m----------------------------------------------------------------------
The Tweeter Simulator. To know available commands, please type 'help'
----------------------------------------------------------------------&amp#27;[0m
The command is open c.txt
The current directory is C:\Users\james\A4\assignment-4-HaoxuanGong
The full path name is: C:\Users\james\A4\assignment-4-HaoxuanGong\testcases\c.txt

]]></system-out>
  </testcase>
  <testcase name="T3_27_F" classname="nz.ac.auckland.se281.a4.StudentsTestsForMarking$Tast3EquivalenceTest" time="0">
    <error message="Unresolved compilation problem: &#10;	LocalDate cannot be resolved to a type&#10;" type="java.lang.Error">java.lang.Error: 
Unresolved compilation problem: 
	LocalDate cannot be resolved to a type

	at nz.ac.auckland.se281.a4.StudentsTestsForMarking$Tast3EquivalenceTest.runTest(StudentsTestsForMarking.java:627)
	at nz.ac.auckland.se281.a4.StudentsTestsForMarking$Tast3EquivalenceTest.T3_27_F(StudentsTestsForMarking.java:646)
</error>
    <system-out><![CDATA[
the System.out.print was :
&amp#27;[H&amp#27;[2J
&amp#27;[36;1m----------------------------------------------------------------------
The Tweeter Simulator. To know available commands, please type 'help'
----------------------------------------------------------------------&amp#27;[0m
The command is open f.txt
The current directory is C:\Users\james\A4\assignment-4-HaoxuanGong
The full path name is: C:\Users\james\A4\assignment-4-HaoxuanGong\testcases\f.txt

]]></system-out>
  </testcase>
  <testcase name="T3_30_A" classname="nz.ac.auckland.se281.a4.StudentsTestsForMarking$Task3EquivalenceClassTest" time="0.015">
    <error message="Unresolved compilation problem: &#10;	LocalDate cannot be resolved to a type&#10;" type="java.lang.Error">java.lang.Error: 
Unresolved compilation problem: 
	LocalDate cannot be resolved to a type

	at nz.ac.auckland.se281.a4.StudentsTestsForMarking$Task3EquivalenceClassTest.runTest(StudentsTestsForMarking.java:687)
	at nz.ac.auckland.se281.a4.StudentsTestsForMarking$Task3EquivalenceClassTest.T3_30_A(StudentsTestsForMarking.java:713)
</error>
    <system-out><![CDATA[
the System.out.print was :
&amp#27;[H&amp#27;[2J
&amp#27;[36;1m----------------------------------------------------------------------
The Tweeter Simulator. To know available commands, please type 'help'
----------------------------------------------------------------------&amp#27;[0m
The command is open a.txt
The current directory is C:\Users\james\A4\assignment-4-HaoxuanGong
The full path name is: C:\Users\james\A4\assignment-4-HaoxuanGong\testcases\a.txt

]]></system-out>
  </testcase>
  <testcase name="T3_32_C" classname="nz.ac.auckland.se281.a4.StudentsTestsForMarking$Task3EquivalenceClassTest" time="0">
    <error message="Unresolved compilation problem: &#10;	LocalDate cannot be resolved to a type&#10;" type="java.lang.Error">java.lang.Error: 
Unresolved compilation problem: 
	LocalDate cannot be resolved to a type

	at nz.ac.auckland.se281.a4.StudentsTestsForMarking$Task3EquivalenceClassTest.runTest(StudentsTestsForMarking.java:687)
	at nz.ac.auckland.se281.a4.StudentsTestsForMarking$Task3EquivalenceClassTest.T3_32_C(StudentsTestsForMarking.java:718)
</error>
    <system-out><![CDATA[
the System.out.print was :
&amp#27;[H&amp#27;[2J
&amp#27;[36;1m----------------------------------------------------------------------
The Tweeter Simulator. To know available commands, please type 'help'
----------------------------------------------------------------------&amp#27;[0m
The command is open c.txt
The current directory is C:\Users\james\A4\assignment-4-HaoxuanGong
The full path name is: C:\Users\james\A4\assignment-4-HaoxuanGong\testcases\c.txt

]]></system-out>
  </testcase>
  <testcase name="T3_35_F" classname="nz.ac.auckland.se281.a4.StudentsTestsForMarking$Task3EquivalenceClassTest" time="0.016">
    <error message="Unresolved compilation problem: &#10;	LocalDate cannot be resolved to a type&#10;" type="java.lang.Error">java.lang.Error: 
Unresolved compilation problem: 
	LocalDate cannot be resolved to a type

	at nz.ac.auckland.se281.a4.StudentsTestsForMarking$Task3EquivalenceClassTest.runTest(StudentsTestsForMarking.java:687)
	at nz.ac.auckland.se281.a4.StudentsTestsForMarking$Task3EquivalenceClassTest.T3_35_F(StudentsTestsForMarking.java:728)
</error>
    <system-out><![CDATA[
the System.out.print was :
&amp#27;[H&amp#27;[2J
&amp#27;[36;1m----------------------------------------------------------------------
The Tweeter Simulator. To know available commands, please type 'help'
----------------------------------------------------------------------&amp#27;[0m
The command is open f.txt
The current directory is C:\Users\james\A4\assignment-4-HaoxuanGong
The full path name is: C:\Users\james\A4\assignment-4-HaoxuanGong\testcases\f.txt

]]></system-out>
  </testcase>
  <testcase name="T3_45_A" classname="nz.ac.auckland.se281.a4.StudentsTestsForMarking$Task3BFSTest" time="0.016"/>
  <testcase name="T3_47_C" classname="nz.ac.auckland.se281.a4.StudentsTestsForMarking$Task3BFSTest" time="0"/>
  <testcase name="T3_50_F" classname="nz.ac.auckland.se281.a4.StudentsTestsForMarking$Task3BFSTest" time="0"/>
  <testcase name="T3_52_A" classname="nz.ac.auckland.se281.a4.StudentsTestsForMarking$Task3DFSTest" time="0.015"/>
  <testcase name="T3_54_C" classname="nz.ac.auckland.se281.a4.StudentsTestsForMarking$Task3DFSTest" time="0"/>
  <testcase name="T3_57_F" classname="nz.ac.auckland.se281.a4.StudentsTestsForMarking$Task3DFSTest" time="0"/>
  <testcase name="T3_01_A" classname="nz.ac.auckland.se281.a4.StudentsTestsForMarking$Task4SearchTweetTest" time="0.016">
    <error message="Unresolved compilation problem: &#10;	LocalDate cannot be resolved to a type&#10;" type="java.lang.Error">java.lang.Error: 
Unresolved compilation problem: 
	LocalDate cannot be resolved to a type

	at nz.ac.auckland.se281.a4.StudentsTestsForMarking$Task4SearchTweetTest.runTest(StudentsTestsForMarking.java:905)
	at nz.ac.auckland.se281.a4.StudentsTestsForMarking$Task4SearchTweetTest.T3_01_A(StudentsTestsForMarking.java:919)
</error>
    <system-out><![CDATA[&amp#27;[H&amp#27;[2J
&amp#27;[36;1m----------------------------------------------------------------------
The Tweeter Simulator. To know available commands, please type 'help'
----------------------------------------------------------------------&amp#27;[0m
The current directory is C:\Users\james\A4\assignment-4-HaoxuanGong
The full path name is: C:\Users\james\A4\assignment-4-HaoxuanGong\testcases\a.txt
]]></system-out>
  </testcase>
  <testcase name="T3_03_C" classname="nz.ac.auckland.se281.a4.StudentsTestsForMarking$Task4SearchTweetTest" time="0">
    <error message="Unresolved compilation problem: &#10;	LocalDate cannot be resolved to a type&#10;" type="java.lang.Error">java.lang.Error: 
Unresolved compilation problem: 
	LocalDate cannot be resolved to a type

	at nz.ac.auckland.se281.a4.StudentsTestsForMarking$Task4SearchTweetTest.runTest(StudentsTestsForMarking.java:905)
	at nz.ac.auckland.se281.a4.StudentsTestsForMarking$Task4SearchTweetTest.T3_03_C(StudentsTestsForMarking.java:924)
</error>
    <system-out><![CDATA[&amp#27;[H&amp#27;[2J
&amp#27;[36;1m----------------------------------------------------------------------
The Tweeter Simulator. To know available commands, please type 'help'
----------------------------------------------------------------------&amp#27;[0m
The current directory is C:\Users\james\A4\assignment-4-HaoxuanGong
The full path name is: C:\Users\james\A4\assignment-4-HaoxuanGong\testcases\c.txt
]]></system-out>
  </testcase>
  <testcase name="T3_06_F" classname="nz.ac.auckland.se281.a4.StudentsTestsForMarking$Task4SearchTweetTest" time="0">
    <error message="Unresolved compilation problem: &#10;	LocalDate cannot be resolved to a type&#10;" type="java.lang.Error">java.lang.Error: 
Unresolved compilation problem: 
	LocalDate cannot be resolved to a type

	at nz.ac.auckland.se281.a4.StudentsTestsForMarking$Task4SearchTweetTest.runTest(StudentsTestsForMarking.java:905)
	at nz.ac.auckland.se281.a4.StudentsTestsForMarking$Task4SearchTweetTest.T3_06_F(StudentsTestsForMarking.java:929)
</error>
    <system-out><![CDATA[&amp#27;[H&amp#27;[2J
&amp#27;[36;1m----------------------------------------------------------------------
The Tweeter Simulator. To know available commands, please type 'help'
----------------------------------------------------------------------&amp#27;[0m
The current directory is C:\Users\james\A4\assignment-4-HaoxuanGong
The full path name is: C:\Users\james\A4\assignment-4-HaoxuanGong\testcases\f.txt
]]></system-out>
  </testcase>
</testsuite>