<?xml version="1.0" encoding="UTF-8"?>
<testsuite xmlns:xsi="http://www.w3.org/2001/XMLSchema-instance" xsi:noNamespaceSchemaLocation="https://maven.apache.org/surefire/maven-surefire-plugin/xsd/surefire-test-report.xsd" name="nz.ac.auckland.se281.a4.StudentsTestsForMarking" time="3.273" tests="54" errors="18" skipped="0" failures="0">
  <properties>
[...]
</properties>
  <testcase name="T1_01_Stack_Is_Empty" classname="nz.ac.auckland.se281.a4.StudentsTestsForMarking$Task1NodeStackAndQueueTest" time="0"/>
  <testcase name="T1_02_Stack_Is_Not_Empty" classname="nz.ac.auckland.se281.a4.StudentsTestsForMarking$Task1NodeStackAndQueueTest" time="0.172"/>
  <testcase name="T1_03_Stack_Push" classname="nz.ac.auckland.se281.a4.StudentsTestsForMarking$Task1NodeStackAndQueueTest" time="0.141"/>
  <testcase name="T1_04_Stack_Pop" classname="nz.ac.auckland.se281.a4.StudentsTestsForMarking$Task1NodeStackAndQueueTest" time="0.156"/>
  <testcase name="T1_05_Queue_Is_Empty" classname="nz.ac.auckland.se281.a4.StudentsTestsForMarking$Task1NodeStackAndQueueTest" time="0"/>
  <testcase name="T1_05_Queue_Is_Not_Empty" classname="nz.ac.auckland.se281.a4.StudentsTestsForMarking$Task1NodeStackAndQueueTest" time="0.047"/>
  <testcase name="T1_07_Queue_Append" classname="nz.ac.auckland.se281.a4.StudentsTestsForMarking$Task1NodeStackAndQueueTest" time="0.062"/>
  <testcase name="T1_08_Is_Empty" classname="nz.ac.auckland.se281.a4.StudentsTestsForMarking$Task1NodeStackAndQueueGenericsTest" time="0"/>
  <testcase name="T1_09_Is_Not_Empty" classname="nz.ac.auckland.se281.a4.StudentsTestsForMarking$Task1NodeStackAndQueueGenericsTest" time="0"/>
  <testcase name="T1_10_Push" classname="nz.ac.auckland.se281.a4.StudentsTestsForMarking$Task1NodeStackAndQueueGenericsTest" time="0"/>
  <testcase name="T1_11_Pop" classname="nz.ac.auckland.se281.a4.StudentsTestsForMarking$Task1NodeStackAndQueueGenericsTest" time="0"/>
  <testcase name="T1_12_Is_Empty" classname="nz.ac.auckland.se281.a4.StudentsTestsForMarking$Task1NodeStackAndQueueGenericsTest" time="0"/>
  <testcase name="T1_13_Is_Not_Empty" classname="nz.ac.auckland.se281.a4.StudentsTestsForMarking$Task1NodeStackAndQueueGenericsTest" time="0"/>
  <testcase name="T1_14_Append" classname="nz.ac.auckland.se281.a4.StudentsTestsForMarking$Task1NodeStackAndQueueGenericsTest" time="0"/>
  <testcase name="T1_15_Pop_Empty_Stack" classname="nz.ac.auckland.se281.a4.StudentsTestsForMarking$Task1NodeStackAndQueueExceptionTest" time="0"/>
  <testcase name="T1_16_Peek_Empty_Stack" classname="nz.ac.auckland.se281.a4.StudentsTestsForMarking$Task1NodeStackAndQueueExceptionTest" time="0"/>
  <testcase name="T1_17_Append_Then_Pop_Empty_Stack" classname="nz.ac.auckland.se281.a4.StudentsTestsForMarking$Task1NodeStackAndQueueExceptionTest" time="0"/>
  <testcase name="T2_01_Is_Empty" classname="nz.ac.auckland.se281.a4.StudentsTestsForMarking$Task2LinkedListTest" time="0"/>
  <testcase name="T2_02_Is_Not_Empty" classname="nz.ac.auckland.se281.a4.StudentsTestsForMarking$Task2LinkedListTest" time="0.032"/>
  <testcase name="T2_03_Append" classname="nz.ac.auckland.se281.a4.StudentsTestsForMarking$Task2LinkedListTest" time="0.078"/>
  <testcase name="T2_04_Get" classname="nz.ac.auckland.se281.a4.StudentsTestsForMarking$Task2LinkedListTest" time="0.657"/>
  <testcase name="T2_05_Prepend" classname="nz.ac.auckland.se281.a4.StudentsTestsForMarking$Task2LinkedListTest" time="0.611"/>
  <testcase name="T2_06_Size" classname="nz.ac.auckland.se281.a4.StudentsTestsForMarking$Task2LinkedListTest" time="0.312"/>
  <testcase name="T2_07_Remove" classname="nz.ac.auckland.se281.a4.StudentsTestsForMarking$Task2LinkedListTest" time="0.313"/>
  <testcase name="T2_09_Is_Empty" classname="nz.ac.auckland.se281.a4.StudentsTestsForMarking$Task2LinkedListGenericsTest" time="0"/>
  <testcase name="T2_10_Is_Not_Empty" classname="nz.ac.auckland.se281.a4.StudentsTestsForMarking$Task2LinkedListGenericsTest" time="0"/>
  <testcase name="T2_11_Append" classname="nz.ac.auckland.se281.a4.StudentsTestsForMarking$Task2LinkedListGenericsTest" time="0"/>
  <testcase name="T2_12_Get" classname="nz.ac.auckland.se281.a4.StudentsTestsForMarking$Task2LinkedListGenericsTest" time="0"/>
  <testcase name="T2_15_Remove" classname="nz.ac.auckland.se281.a4.StudentsTestsForMarking$Task2LinkedListGenericsTest" time="0"/>
  <testcase name="T2_16_Insert" classname="nz.ac.auckland.se281.a4.StudentsTestsForMarking$Task2LinkedListGenericsTest" time="0"/>
  <testcase name="T3_01_Reflexive_A" classname="nz.ac.auckland.se281.a4.StudentsTestsForMarking$Task3ReflexiveTest" time="0.016">
    <error message="Unresolved compilation problem: &#10;	LocalDate cannot be resolved to a type&#10;" type="java.lang.Error">java.lang.Error: 
Unresolved compilation problem: 
	LocalDate cannot be resolved to a type

	at nz.ac.auckland.se281.a4.StudentsTestsForMarking$Task3ReflexiveTest.runTest(StudentsTestsForMarking.java:445)
	at nz.ac.auckland.se281.a4.StudentsTestsForMarking$Task3ReflexiveTest.T3_01_Reflexive_A(StudentsTestsForMarking.java:454)
</error>
    <system-out><![CDATA[
the System.out.print was :
&amp#27;[H&amp#27;[2J
&amp#27;[36;1m----------------------------------------------------------------------
The Tweeter Simulator. To know available commands, please type 'help'
----------------------------------------------------------------------&amp#27;[0m
The command is open a.txt
The current directory is C:\Users\james\A4\assignment-4-HaoxuanGong
The full path name is: C:\Users\james\A4\assignment-4-HaoxuanGong\testcases\a.txt

]]></system-out>
  </testcase>
  <testcase name="T3_03_Reflexive_C" classname="nz.ac.auckland.se281.a4.StudentsTestsForMarking$Task3ReflexiveTest" time="0">
    <error message="Unresolved compilation problem: &#10;	LocalDate cannot be resolved to a type&#10;" type="java.lang.Error">java.lang.Error: 
Unresolved compilation problem: 
	LocalDate cannot be resolved to a type

	at nz.ac.auckland.se281.a4.StudentsTestsForMarking$Task3ReflexiveTest.runTest(StudentsTestsForMarking.java:445)
	at nz.ac.auckland.se281.a4.StudentsTestsForMarking$Task3ReflexiveTest.T3_03_Reflexive_C(StudentsTestsForMarking.java:460)
</error>
    <system-out><![CDATA[
the System.out.print was :
&amp#27;[H&amp#27;[2J
&amp#27;[36;1m----------------------------------------------------------------------
The Tweeter Simulator. To know available commands, please type 'help'
----------------------------------------------------------------------&amp#27;[0m
The command is open c.txt
The current directory is C:\Users\james\A4\assignment-4-HaoxuanGong
The full path name is: C:\Users\james\A4\assignment-4-HaoxuanGong\testcases\c.txt

]]></system-out>
  </testcase>
  <testcase name="T3_06_Reflexive_F" classname="nz.ac.auckland.se281.a4.StudentsTestsForMarking$Task3ReflexiveTest" time="0.015">
    <error message="Unresolved compilation problem: &#10;	LocalDate cannot be resolved to a type&#10;" type="java.lang.Error">java.lang.Error: 
Unresolved compilation problem: 
	LocalDate cannot be resolved to a type

	at nz.ac.auckland.se281.a4.StudentsTestsForMarking$Task3ReflexiveTest.runTest(StudentsTestsForMarking.java:445)
	at nz.ac.auckland.se281.a4.StudentsTestsForMarking$Task3ReflexiveTest.T3_06_Reflexive_F(StudentsTestsForMarking.java:465)
</error>
    <system-out><![CDATA[
the System.out.print was :
&amp#27;[H&amp#27;[2J
&amp#27;[36;1m----------------------------------------------------------------------
The Tweeter Simulator. To know available commands, please type 'help'
----------------------------------------------------------------------&amp#27;[0m
The command is open f.txt
The current directory is C:\Users\james\A4\assignment-4-HaoxuanGong
The full path name is: C:\Users\james\A4\assignment-4-HaoxuanGong\testcases\f.txt

]]></system-out>
  </testcase>
  <testcase name="T3_09_Symmetric_A" classname="nz.ac.auckland.se281.a4.StudentsTestsForMarking$Task3SymmetricTest" time="0.016">
    <error message="Unresolved compilation problem: &#10;	LocalDate cannot be resolved to a type&#10;" type="java.lang.Error">java.lang.Error: 
Unresolved compilation problem: 
	LocalDate cannot be resolved to a type

	at nz.ac.auckland.se281.a4.StudentsTestsForMarking$Task3SymmetricTest.runTest(StudentsTestsForMarking.java:508)
	at nz.ac.auckland.se281.a4.StudentsTestsForMarking$Task3SymmetricTest.T3_09_Symmetric_A(StudentsTestsForMarking.java:517)
</error>
    <system-out><![CDATA[
the System.out.print was :
&amp#27;[H&amp#27;[2J
&amp#27;[36;1m----------------------------------------------------------------------
The Tweeter Simulator. To know available commands, please type 'help'
----------------------------------------------------------------------&amp#27;[0m
The command is open a.txt
The current directory is C:\Users\james\A4\assignment-4-HaoxuanGong
The full path name is: C:\Users\james\A4\assignment-4-HaoxuanGong\testcases\a.txt

]]></system-out>
  </testcase>
  <testcase name="T3_11_Symmetric_C" classname="nz.ac.auckland.se281.a4.StudentsTestsForMarking$Task3SymmetricTest" time="0">
    <error message="Unresolved compilation problem: &#10;	LocalDate cannot be resolved to a type&#10;" type="java.lang.Error">java.lang.Error: 
Unresolved compilation problem: 
	LocalDate cannot be resolved to a type

	at nz.ac.auckland.se281.a4.StudentsTestsForMarking$Task3SymmetricTest.runTest(StudentsTestsForMarking.java:508)
	at nz.ac.auckland.se281.a4.StudentsTestsForMarking$Task3SymmetricTest.T3_11_Symmetric_C(StudentsTestsForMarking.java:522)
</error>
    <system-out><![CDATA[
the System.out.print was :
&amp#27;[H&amp#27;[2J
&amp#27;[36;1m----------------------------------------------------------------------
The Tweeter Simulator. To know available commands, please type 'help'
----------------------------------------------------------------------&amp#27;[0m
The command is open c.txt
The current directory is C:\Users\james\A4\assignment-4-HaoxuanGong
The full path name is: C:\Users\james\A4\assignment-4-HaoxuanGong\testcases\c.txt

]]></system-out>
  </testcase>
  <testcase name="T3_14_Symmetric_F" classname="nz.ac.auckland.se281.a4.StudentsTestsForMarking$Task3SymmetricTest" time="0.015">
    <error message="Unresolved compilation problem: &#10;	LocalDate cannot be resolved to a type&#10;" type="java.lang.Error">java.lang.Error: 
Unresolved compilation problem: 
	LocalDate cannot be resolved to a type

	at nz.ac.auckland.se281.a4.StudentsTestsForMarking$Task3SymmetricTest.runTest(StudentsTestsForMarking.java:508)
	at nz.ac.auckland.se281.a4.StudentsTestsForMarking$Task3SymmetricTest.T3_14_Symmetric_F(StudentsTestsForMarking.java:527)
</error>
    <system-out><![CDATA[
the System.out.print was :
&amp#27;[H&amp#27;[2J
&amp#27;[36;1m----------------------------------------------------------------------
The Tweeter Simulator. To know available commands, please type 'help'
----------------------------------------------------------------------&amp#27;[0m
The command is open f.txt
The current directory is C:\Users\james\A4\assignment-4-HaoxuanGong
The full path name is: C:\Users\james\A4\assignment-4-HaoxuanGong\testcases\f.txt

]]></system-out>
  </testcase>
  <testcase name="T3_16_Transitive_A" classname="nz.ac.auckland.se281.a4.StudentsTestsForMarking$Task3TransitiveTest" time="0">
    <error message="Unresolved compilation problem: &#10;	LocalDate cannot be resolved to a type&#10;" type="java.lang.Error">java.lang.Error: 
Unresolved compilation problem: 
	LocalDate cannot be resolved to a type

	at nz.ac.auckland.se281.a4.StudentsTestsForMarking$Task3TransitiveTest.runTest(StudentsTestsForMarking.java:568)
	at nz.ac.auckland.se281.a4.StudentsTestsForMarking$Task3TransitiveTest.T3_16_Transitive_A(StudentsTestsForMarking.java:577)
</error>
    <system-out><![CDATA[
the System.out.print was :
&amp#27;[H&amp#27;[2J
&amp#27;[36;1m----------------------------------------------------------------------
The Tweeter Simulator. To know available commands, please type 'help'
----------------------------------------------------------------------&amp#27;[0m
The command is open a.txt
The current directory is C:\Users\james\A4\assignment-4-HaoxuanGong
The full path name is: C:\Users\james\A4\assignment-4-HaoxuanGong\testcases\a.txt

]]></system-out>
  </testcase>
  <testcase name="T3_17_Transitive_C" classname="nz.ac.auckland.se281.a4.StudentsTestsForMarking$Task3TransitiveTest" time="0.016">
    <error message="Unresolved compilation problem: &#10;	LocalDate cannot be resolved to a type&#10;" type="java.lang.Error">java.lang.Error: 
Unresolved compilation problem: 
	LocalDate cannot be resolved to a type

	at nz.ac.auckland.se281.a4.StudentsTestsForMarking$Task3TransitiveTest.runTest(StudentsTestsForMarking.java:568)
	at nz.ac.auckland.se281.a4.StudentsTestsForMarking$Task3TransitiveTest.T3_17_Transitive_C(StudentsTestsForMarking.java:582)
</error>
    <system-out><![CDATA[
the System.out.print was :
&amp#27;[H&amp#27;[2J
&amp#27;[36;1m----------------------------------------------------------------------
The Tweeter Simulator. To know available commands, please type 'help'
----------------------------------------------------------------------&amp#27;[0m
The command is open c.txt
The current directory is C:\Users\james\A4\assignment-4-HaoxuanGong
The full path name is: C:\Users\james\A4\assignment-4-HaoxuanGong\testcases\c.txt

]]></system-out>
  </testcase>
  <testcase name="T3_20_Transitive_F" classname="nz.ac.auckland.se281.a4.StudentsTestsForMarking$Task3TransitiveTest" time="0">
    <error message="Unresolved compilation problem: &#10;	LocalDate cannot be resolved to a type&#10;" type="java.lang.Error">java.lang.Error: 
Unresolved compilation problem: 
	LocalDate cannot be resolved to a type

	at nz.ac.auckland.se281.a4.StudentsTestsForMarking$Task3TransitiveTest.runTest(StudentsTestsForMarking.java:568)
	at nz.ac.auckland.se281.a4.StudentsTestsForMarking$Task3TransitiveTest.T3_20_Transitive_F(StudentsTestsForMarking.java:587)
</error>
    <system-out><![CDATA[
the System.out.print was :
&amp#27;[H&amp#27;[2J
&amp#27;[36;1m----------------------------------------------------------------------
The Tweeter Simulator. To know available commands, please type 'help'
----------------------------------------------------------------------&amp#27;[0m
The command is open f.txt
The current directory is C:\Users\james\A4\assignment-4-HaoxuanGong
The full path name is: C:\Users\james\A4\assignment-4-HaoxuanGong\testcases\f.txt

]]></system-out>
  </testcase>
  <testcase name="T3_22_A" classname="nz.ac.auckland.se281.a4.StudentsTestsForMarking$Tast3EquivalenceTest" time="0">
    <error message="Unresolved compilation problem: &#10;	LocalDate cannot be resolved to a type&#10;" type="java.lang.Error">java.lang.Error: 
Unresolved compilation problem: 
	LocalDate cannot be resolved to a type

	at nz.ac.auckland.se281.a4.StudentsTestsForMarking$Tast3EquivalenceTest.runTest(StudentsTestsForMarking.java:627)
	at nz.ac.auckland.se281.a4.StudentsTestsForMarking$Tast3EquivalenceTest.T3_22_A(StudentsTestsForMarking.java:636)
</error>
    <system-out><![CDATA[
the System.out.print was :
&amp#27;[H&amp#27;[2J
&amp#27;[36;1m----------------------------------------------------------------------
The Tweeter Simulator. To know available commands, please type 'help'
----------------------------------------------------------------------&amp#27;[0m
The command is open a.txt
The current directory is C:\Users\james\A4\assignment-4-HaoxuanGong
The full path name is: C:\Users\james\A4\assignment-4-HaoxuanGong\testcases\a.txt

]]></system-out>
  </testcase>
  <testcase name="T3_24_C" classname="nz.ac.auckland.se281.a4.StudentsTestsForMarking$Tast3EquivalenceTest" time="0.016">
    <error message="Unresolved compilation problem: &#10;	LocalDate cannot be resolved to a type&#10;" type="java.lang.Error">java.lang.Error: 
Unresolved compilation problem: 
	LocalDate cannot be resolved to a type

	at nz.ac.auckland.se281.a4.StudentsTestsForMarking$Tast3EquivalenceTest.runTest(StudentsTestsForMarking.java:627)
	at nz.ac.auckland.se281.a4.StudentsTestsForMarking$Tast3EquivalenceTest.T3_24_C(StudentsTestsForMarking.java:641)
</error>
    <system-out><![CDATA[
the System.out.print was :
&amp#27;[H&amp#27;[2J
&amp#27;[36;1m----------------------------------------------------------------------
The Tweeter Simulator. To know available commands, please type 'help'
----------------------------------------------------------------------&amp#27;[0m
The command is open c.txt
The current directory is C:\Users\james\A4\assignment-4-HaoxuanGong
The full path name is: C:\Users\james\A4\assignment-4-HaoxuanGong\testcases\c.txt

]]></system-out>
  </testcase>
  <testcase name="T3_27_F" classname="nz.ac.auckland.se281.a4.StudentsTestsForMarking$Tast3EquivalenceTest" time="0">
    <error message="Unresolved compilation problem: &#10;	LocalDate cannot be resolved to a type&#10;" type="java.lang.Error">java.lang.Error: 
Unresolved compilation problem: 
	LocalDate cannot be resolved to a type

	at nz.ac.auckland.se281.a4.StudentsTestsForMarking$Tast3EquivalenceTest.runTest(StudentsTestsForMarking.java:627)
	at nz.ac.auckland.se281.a4.StudentsTestsForMarking$Tast3EquivalenceTest.T3_27_F(StudentsTestsForMarking.java:646)
</error>
    <system-out><![CDATA[
the System.out.print was :
&amp#27;[H&amp#27;[2J
&amp#27;[36;1m----------------------------------------------------------------------
The Tweeter Simulator. To know available commands, please type 'help'
----------------------------------------------------------------------&amp#27;[0m
The command is open f.txt
The current directory is C:\Users\james\A4\assignment-4-HaoxuanGong
The full path name is: C:\Users\james\A4\assignment-4-HaoxuanGong\testcases\f.txt

]]></system-out>
  </testcase>
  <testcase name="T3_30_A" classname="nz.ac.auckland.se281.a4.StudentsTestsForMarking$Task3EquivalenceClassTest" time="0.015">
    <error message="Unresolved compilation problem: &#10;	LocalDate cannot be resolved to a type&#10;" type="java.lang.Error">java.lang.Error: 
Unresolved compilation problem: 
	LocalDate cannot be resolved to a type

	at nz.ac.auckland.se281.a4.StudentsTestsForMarking$Task3EquivalenceClassTest.runTest(StudentsTestsForMarking.java:687)
	at nz.ac.auckland.se281.a4.StudentsTestsForMarking$Task3EquivalenceClassTest.T3_30_A(StudentsTestsForMarking.java:713)
</error>
    <system-out><![CDATA[
the System.out.print was :
&amp#27;[H&amp#27;[2J
&amp#27;[36;1m----------------------------------------------------------------------
The Tweeter Simulator. To know available commands, please type 'help'
----------------------------------------------------------------------&amp#27;[0m
The command is open a.txt
The current directory is C:\Users\james\A4\assignment-4-HaoxuanGong
The full path name is: C:\Users\james\A4\assignment-4-HaoxuanGong\testcases\a.txt

]]></system-out>
  </testcase>
  <testcase name="T3_32_C" classname="nz.ac.auckland.se281.a4.StudentsTestsForMarking$Task3EquivalenceClassTest" time="0">
    <error message="Unresolved compilation problem: &#10;	LocalDate cannot be resolved to a type&#10;" type="java.lang.Error">java.lang.Error: 
Unresolved compilation problem: 
	LocalDate cannot be resolved to a type

	at nz.ac.auckland.se281.a4.StudentsTestsForMarking$Task3EquivalenceClassTest.runTest(StudentsTestsForMarking.java:687)
	at nz.ac.auckland.se281.a4.StudentsTestsForMarking$Task3EquivalenceClassTest.T3_32_C(StudentsTestsForMarking.java:718)
</error>
    <system-out><![CDATA[
the System.out.print was :
&amp#27;[H&amp#27;[2J
&amp#27;[36;1m----------------------------------------------------------------------
The Tweeter Simulator. To know available commands, please type 'help'
----------------------------------------------------------------------&amp#27;[0m
The command is open c.txt
The current directory is C:\Users\james\A4\assignment-4-HaoxuanGong
The full path name is: C:\Users\james\A4\assignment-4-HaoxuanGong\testcases\c.txt

]]></system-out>
  </testcase>
  <testcase name="T3_35_F" classname="nz.ac.auckland.se281.a4.StudentsTestsForMarking$Task3EquivalenceClassTest" time="0.016">
    <error message="Unresolved compilation problem: &#10;	LocalDate cannot be resolved to a type&#10;" type="java.lang.Error">java.lang.Error: 
Unresolved compilation problem: 
	LocalDate cannot be resolved to a type

	at nz.ac.auckland.se281.a4.StudentsTestsForMarking$Task3EquivalenceClassTest.runTest(StudentsTestsForMarking.java:687)
	at nz.ac.auckland.se281.a4.StudentsTestsForMarking$Task3EquivalenceClassTest.T3_35_F(StudentsTestsForMarking.java:728)
</error>
    <system-out><![CDATA[
the System.out.print was :
&amp#27;[H&amp#27;[2J
&amp#27;[36;1m----------------------------------------------------------------------
The Tweeter Simulator. To know available commands, please type 'help'
----------------------------------------------------------------------&amp#27;[0m
The command is open f.txt
The current directory is C:\Users\james\A4\assignment-4-HaoxuanGong
The full path name is: C:\Users\james\A4\assignment-4-HaoxuanGong\testcases\f.txt

]]></system-out>
  </testcase>
  <testcase name="T3_45_A" classname="nz.ac.auckland.se281.a4.StudentsTestsForMarking$Task3BFSTest" time="0.016"/>
  <testcase name="T3_47_C" classname="nz.ac.auckland.se281.a4.StudentsTestsForMarking$Task3BFSTest" time="0"/>
  <testcase name="T3_50_F" classname="nz.ac.auckland.se281.a4.StudentsTestsForMarking$Task3BFSTest" time="0"/>
  <testcase name="T3_52_A" classname="nz.ac.auckland.se281.a4.StudentsTestsForMarking$Task3DFSTest" time="0.015"/>
  <testcase name="T3_54_C" classname="nz.ac.auckland.se281.a4.StudentsTestsForMarking$Task3DFSTest" time="0"/>
  <testcase name="T3_57_F" classname="nz.ac.auckland.se281.a4.StudentsTestsForMarking$Task3DFSTest" time="0"/>
  <testcase name="T3_01_A" classname="nz.ac.auckland.se281.a4.StudentsTestsForMarking$Task4SearchTweetTest" time="0.016">
    <error message="Unresolved compilation problem: &#10;	LocalDate cannot be resolved to a type&#10;" type="java.lang.Error">java.lang.Error: 
Unresolved compilation problem: 
	LocalDate cannot be resolved to a type

	at nz.ac.auckland.se281.a4.StudentsTestsForMarking$Task4SearchTweetTest.runTest(StudentsTestsForMarking.java:905)
	at nz.ac.auckland.se281.a4.StudentsTestsForMarking$Task4SearchTweetTest.T3_01_A(StudentsTestsForMarking.java:919)
</error>
    <system-out><![CDATA[&amp#27;[H&amp#27;[2J
&amp#27;[36;1m----------------------------------------------------------------------
The Tweeter Simulator. To know available commands, please type 'help'
----------------------------------------------------------------------&amp#27;[0m
The current directory is C:\Users\james\A4\assignment-4-HaoxuanGong
The full path name is: C:\Users\james\A4\assignment-4-HaoxuanGong\testcases\a.txt
]]></system-out>
  </testcase>
  <testcase name="T3_03_C" classname="nz.ac.auckland.se281.a4.StudentsTestsForMarking$Task4SearchTweetTest" time="0">
    <error message="Unresolved compilation problem: &#10;	LocalDate cannot be resolved to a type&#10;" type="java.lang.Error">java.lang.Error: 
Unresolved compilation problem: 
	LocalDate cannot be resolved to a type

	at nz.ac.auckland.se281.a4.StudentsTestsForMarking$Task4SearchTweetTest.runTest(StudentsTestsForMarking.java:905)
	at nz.ac.auckland.se281.a4.StudentsTestsForMarking$Task4SearchTweetTest.T3_03_C(StudentsTestsForMarking.java:924)
</error>
    <system-out><![CDATA[&amp#27;[H&amp#27;[2J
&amp#27;[36;1m----------------------------------------------------------------------
The Tweeter Simulator. To know available commands, please type 'help'
----------------------------------------------------------------------&amp#27;[0m
The current directory is C:\Users\james\A4\assignment-4-HaoxuanGong
The full path name is: C:\Users\james\A4\assignment-4-HaoxuanGong\testcases\c.txt
]]></system-out>
  </testcase>
  <testcase name="T3_06_F" classname="nz.ac.auckland.se281.a4.StudentsTestsForMarking$Task4SearchTweetTest" time="0">
    <error message="Unresolved compilation problem: &#10;	LocalDate cannot be resolved to a type&#10;" type="java.lang.Error">java.lang.Error: 
Unresolved compilation problem: 
	LocalDate cannot be resolved to a type

	at nz.ac.auckland.se281.a4.StudentsTestsForMarking$Task4SearchTweetTest.runTest(StudentsTestsForMarking.java:905)
	at nz.ac.auckland.se281.a4.StudentsTestsForMarking$Task4SearchTweetTest.T3_06_F(StudentsTestsForMarking.java:929)
</error>
    <system-out><![CDATA[&amp#27;[H&amp#27;[2J
&amp#27;[36;1m----------------------------------------------------------------------
The Tweeter Simulator. To know available commands, please type 'help'
----------------------------------------------------------------------&amp#27;[0m
The current directory is C:\Users\james\A4\assignment-4-HaoxuanGong
The full path name is: C:\Users\james\A4\assignment-4-HaoxuanGong\testcases\f.txt
]]></system-out>
  </testcase>
</testsuite>