<?xml version="1.0" encoding="UTF-8"?>
<testsuite xmlns:xsi="http://www.w3.org/2001/XMLSchema-instance" xsi:noNamespaceSchemaLocation="https://maven.apache.org/surefire/maven-surefire-plugin/xsd/surefire-test-report.xsd" name="nz.ac.auckland.se281.a4.TestsForMarking" time="7.1" tests="53" errors="0" skipped="0" failures="0">
  <properties>
[...]
</properties>
  <testcase name="T1_01_Stack_Is_Empty" classname="nz.ac.auckland.se281.a4.TestsForMarking$Task1NodeStackAndQueueTest" time="0"/>
  <testcase name="T1_02_Stack_Is_Not_Empty" classname="nz.ac.auckland.se281.a4.TestsForMarking$Task1NodeStackAndQueueTest" time="0"/>
  <testcase name="T1_03_Stack_Push" classname="nz.ac.auckland.se281.a4.TestsForMarking$Task1NodeStackAndQueueTest" time="0.027"/>
  <testcase name="T1_04_Stack_Pop" classname="nz.ac.auckland.se281.a4.TestsForMarking$Task1NodeStackAndQueueTest" time="0.063"/>
  <testcase name="T1_05_Queue_Is_Empty" classname="nz.ac.auckland.se281.a4.TestsForMarking$Task1NodeStackAndQueueTest" time="0"/>
  <testcase name="T1_05_Queue_Is_Not_Empty" classname="nz.ac.auckland.se281.a4.TestsForMarking$Task1NodeStackAndQueueTest" time="0.017"/>
  <testcase name="T1_07_Queue_Append" classname="nz.ac.auckland.se281.a4.TestsForMarking$Task1NodeStackAndQueueTest" time="0.031"/>
  <testcase name="T1_08_Is_Empty" classname="nz.ac.auckland.se281.a4.TestsForMarking$Task1NodeStackAndQueueGenericsTest" time="0"/>
  <testcase name="T1_09_Is_Not_Empty" classname="nz.ac.auckland.se281.a4.TestsForMarking$Task1NodeStackAndQueueGenericsTest" time="0"/>
  <testcase name="T1_10_Push" classname="nz.ac.auckland.se281.a4.TestsForMarking$Task1NodeStackAndQueueGenericsTest" time="0"/>
  <testcase name="T1_11_Pop" classname="nz.ac.auckland.se281.a4.TestsForMarking$Task1NodeStackAndQueueGenericsTest" time="0"/>
  <testcase name="T1_12_Is_Empty" classname="nz.ac.auckland.se281.a4.TestsForMarking$Task1NodeStackAndQueueGenericsTest" time="0"/>
  <testcase name="T1_13_Is_Not_Empty" classname="nz.ac.auckland.se281.a4.TestsForMarking$Task1NodeStackAndQueueGenericsTest" time="0"/>
  <testcase name="T1_14_Append" classname="nz.ac.auckland.se281.a4.TestsForMarking$Task1NodeStackAndQueueGenericsTest" time="0"/>
  <testcase name="T1_15_Pop_Empty_Stack" classname="nz.ac.auckland.se281.a4.TestsForMarking$Task1NodeStackAndQueueExceptionTest" time="0"/>
  <testcase name="T1_16_Peek_Empty_Stack" classname="nz.ac.auckland.se281.a4.TestsForMarking$Task1NodeStackAndQueueExceptionTest" time="0"/>
  <testcase name="T1_17_Append_Then_Pop_Empty_Stack" classname="nz.ac.auckland.se281.a4.TestsForMarking$Task1NodeStackAndQueueExceptionTest" time="0"/>
  <testcase name="T2_01_Is_Empty" classname="nz.ac.auckland.se281.a4.TestsForMarking$Task2LinkedListTest" time="0"/>
  <testcase name="T2_02_Is_Not_Empty" classname="nz.ac.auckland.se281.a4.TestsForMarking$Task2LinkedListTest" time="0.03"/>
  <testcase name="T2_03_Append" classname="nz.ac.auckland.se281.a4.TestsForMarking$Task2LinkedListTest" time="0.061"/>
  <testcase name="T2_04_Get" classname="nz.ac.auckland.se281.a4.TestsForMarking$Task2LinkedListTest" time="0.623"/>
  <testcase name="T2_06_Size" classname="nz.ac.auckland.se281.a4.TestsForMarking$Task2LinkedListTest" time="0.321"/>
  <testcase name="T2_07_Remove" classname="nz.ac.auckland.se281.a4.TestsForMarking$Task2LinkedListTest" time="0.327"/>
  <testcase name="T2_09_Is_Empty" classname="nz.ac.auckland.se281.a4.TestsForMarking$Task2LinkedListGenericsTest" time="0.001"/>
  <testcase name="T2_10_Is_Not_Empty" classname="nz.ac.auckland.se281.a4.TestsForMarking$Task2LinkedListGenericsTest" time="0"/>
  <testcase name="T2_11_Append" classname="nz.ac.auckland.se281.a4.TestsForMarking$Task2LinkedListGenericsTest" time="0"/>
  <testcase name="T2_12_Get" classname="nz.ac.auckland.se281.a4.TestsForMarking$Task2LinkedListGenericsTest" time="0"/>
  <testcase name="T2_15_Remove" classname="nz.ac.auckland.se281.a4.TestsForMarking$Task2LinkedListGenericsTest" time="0"/>
  <testcase name="T2_16_Insert" classname="nz.ac.auckland.se281.a4.TestsForMarking$Task2LinkedListGenericsTest" time="0"/>
  <testcase name="T3_01_Reflexive_A" classname="nz.ac.auckland.se281.a4.TestsForMarking$Task3ReflexiveTest" time="0.231"/>
  <testcase name="T3_03_Reflexive_C" classname="nz.ac.auckland.se281.a4.TestsForMarking$Task3ReflexiveTest" time="0.156"/>
  <testcase name="T3_06_Reflexive_F" classname="nz.ac.auckland.se281.a4.TestsForMarking$Task3ReflexiveTest" time="0.283"/>
  <testcase name="T3_09_Symmetric_A" classname="nz.ac.auckland.se281.a4.TestsForMarking$Task3SymmetricTest" time="0.218"/>
  <testcase name="T3_11_Symmetric_C" classname="nz.ac.auckland.se281.a4.TestsForMarking$Task3SymmetricTest" time="0.156"/>
  <testcase name="T3_14_Symmetric_F" classname="nz.ac.auckland.se281.a4.TestsForMarking$Task3SymmetricTest" time="0.292"/>
  <testcase name="T3_16_Transitive_A" classname="nz.ac.auckland.se281.a4.TestsForMarking$Task3TransitiveTest" time="0.24"/>
  <testcase name="T3_17_Transitive_C" classname="nz.ac.auckland.se281.a4.TestsForMarking$Task3TransitiveTest" time="0.156"/>
  <testcase name="T3_20_Transitive_F" classname="nz.ac.auckland.se281.a4.TestsForMarking$Task3TransitiveTest" time="0.296"/>
  <testcase name="T3_22_A" classname="nz.ac.auckland.se281.a4.TestsForMarking$Tast3EquivalenceTest" time="0.234"/>
  <testcase name="T3_24_C" classname="nz.ac.auckland.se281.a4.TestsForMarking$Tast3EquivalenceTest" time="0.158"/>
  <testcase name="T3_27_F" classname="nz.ac.auckland.se281.a4.TestsForMarking$Tast3EquivalenceTest" time="0.283"/>
  <testcase name="T3_30_A" classname="nz.ac.auckland.se281.a4.TestsForMarking$Task3EquivalenceClassTest" time="0.476"/>
  <testcase name="T3_32_C" classname="nz.ac.auckland.se281.a4.TestsForMarking$Task3EquivalenceClassTest" time="0.494"/>
  <testcase name="T3_35_F" classname="nz.ac.auckland.se281.a4.TestsForMarking$Task3EquivalenceClassTest" time="0.588"/>
  <testcase name="T3_45_A" classname="nz.ac.auckland.se281.a4.TestsForMarking$Task3BFSTest" time="0.006"/>
  <testcase name="T3_47_C" classname="nz.ac.auckland.se281.a4.TestsForMarking$Task3BFSTest" time="0.007"/>
  <testcase name="T3_50_F" classname="nz.ac.auckland.se281.a4.TestsForMarking$Task3BFSTest" time="0.004"/>
  <testcase name="T3_52_A" classname="nz.ac.auckland.se281.a4.TestsForMarking$Task3DFSTest" time="0.011"/>
  <testcase name="T3_54_C" classname="nz.ac.auckland.se281.a4.TestsForMarking$Task3DFSTest" time="0.007"/>
  <testcase name="T3_57_F" classname="nz.ac.auckland.se281.a4.TestsForMarking$Task3DFSTest" time="0.009"/>
  <testcase name="T4_01_A" classname="nz.ac.auckland.se281.a4.TestsForMarking$Task4SearchTweetTest" time="0.223"/>
  <testcase name="T4_03_C" classname="nz.ac.auckland.se281.a4.TestsForMarking$Task4SearchTweetTest" time="0.181"/>
  <testcase name="T4_06_F" classname="nz.ac.auckland.se281.a4.TestsForMarking$Task4SearchTweetTest" time="0.309"/>
</testsuite>